# JRE version: OpenJDK Runtime Environment Temurin-17.0.8.1+1 (17.0.8.1+1) (build 17.0.8.1+1)
# Java VM: OpenJDK 64-Bit Server VM Temurin-17.0.8.1+1 (17.0.8.1+1, mixed mode, tiered, compressed oops, compressed class ptrs, parallel gc, windows-amd64)
GC Precious Log:
 CPUs: 16 total, 16 available
 Memory: 15776M
 Large Page Support: Disabled
 NUMA Support: Disabled
 Compressed Oops: Enabled (32-bit)
 Alignments: Space 512K, Generation 512K, Heap 2M
 Heap Min Capacity: 100M
 Heap Initial Capacity: 100M
 Heap Max Capacity: 1G
 Pre-touch: Disabled
 Parallel Workers: 13
Heap:
 PSYoungGen      total 10752K, used 6202K [0x00000000eab00000, 0x00000000ebc80000, 0x0000000100000000)
  eden space 10240K, 55% used [0x00000000eab00000,0x00000000eb08ea58,0x00000000eb500000)
  from space 512K, 100% used [0x00000000ebb80000,0x00000000ebc00000,0x00000000ebc00000)
  to   space 512K, 0% used [0x00000000ebc00000,0x00000000ebc00000,0x00000000ebc80000)
 ParOldGen       total 68608K, used 46216K [0x00000000c0000000, 0x00000000c4300000, 0x00000000eab00000)
  object space 68608K, 67% used [0x00000000c0000000,0x00000000c2d223c0,0x00000000c4300000)
 Metaspace       used 60495K, committed 61568K, reserved 1114112K
  class space    used 6961K, committed 7424K, reserved 1048576K
GC Heap History (20 events):
Event: 5.114 GC heap before
{Heap before GC invocations=27 (full 2):
 PSYoungGen      total 12800K, used 12798K [0x00000000eab00000, 0x00000000ed500000, 0x0000000100000000)
  eden space 10240K, 100% used [0x00000000eab00000,0x00000000eb500000,0x00000000eb500000)
  from space 2560K, 99% used [0x00000000ec080000,0x00000000ec2ff878,0x00000000ec300000)
  to   space 11776K, 0% used [0x00000000eb500000,0x00000000eb500000,0x00000000ec080000)
 ParOldGen       total 68608K, used 40533K [0x00000000c0000000, 0x00000000c4300000, 0x00000000eab00000)
  object space 68608K, 59% used [0x00000000c0000000,0x00000000c27954e0,0x00000000c4300000)
 Metaspace       used 55601K, committed 56576K, reserved 1114112K
  class space    used 6167K, committed 6592K, reserved 1048576K
}
Event: 5.116 GC heap after
{Heap after GC invocations=27 (full 2):
 PSYoungGen      total 10752K, used 480K [0x00000000eab00000, 0x00000000ec100000, 0x0000000100000000)
  eden space 10240K, 0% used [0x00000000eab00000,0x00000000eab00000,0x00000000eb500000)
  from space 512K, 93% used [0x00000000eb500000,0x00000000eb578000,0x00000000eb580000)
  to   space 4096K, 0% used [0x00000000ebd00000,0x00000000ebd00000,0x00000000ec100000)
 ParOldGen       total 68608K, used 43058K [0x00000000c0000000, 0x00000000c4300000, 0x00000000eab00000)
  object space 68608K, 62% used [0x00000000c0000000,0x00000000c2a0c9f0,0x00000000c4300000)
 Metaspace       used 55601K, committed 56576K, reserved 1114112K
  class space    used 6167K, committed 6592K, reserved 1048576K
}
Event: 5.297 GC heap before
{Heap before GC invocations=28 (full 2):
 PSYoungGen      total 10752K, used 10720K [0x00000000eab00000, 0x00000000ec100000, 0x0000000100000000)
  eden space 10240K, 100% used [0x00000000eab00000,0x00000000eb500000,0x00000000eb500000)
  from space 512K, 93% used [0x00000000eb500000,0x00000000eb578000,0x00000000eb580000)
  to   space 4096K, 0% used [0x00000000ebd00000,0x00000000ebd00000,0x00000000ec100000)
 ParOldGen       total 68608K, used 43058K [0x00000000c0000000, 0x00000000c4300000, 0x00000000eab00000)
  object space 68608K, 62% used [0x00000000c0000000,0x00000000c2a0c9f0,0x00000000c4300000)
 Metaspace       used 56332K, committed 57344K, reserved 1114112K
  class space    used 6270K, committed 6720K, reserved 1048576K
}
Event: 5.298 GC heap after
{Heap after GC invocations=28 (full 2):
 PSYoungGen      total 11264K, used 576K [0x00000000eab00000, 0x00000000ebe00000, 0x0000000100000000)
  eden space 10240K, 0% used [0x00000000eab00000,0x00000000eab00000,0x00000000eb500000)
  from space 1024K, 56% used [0x00000000ebd00000,0x00000000ebd90000,0x00000000ebe00000)
  to   space 1536K, 0% used [0x00000000ebb00000,0x00000000ebb00000,0x00000000ebc80000)
 ParOldGen       total 68608K, used 43370K [0x00000000c0000000, 0x00000000c4300000, 0x00000000eab00000)
  object space 68608K, 63% used [0x00000000c0000000,0x00000000c2a5a9f0,0x00000000c4300000)
 Metaspace       used 56332K, committed 57344K, reserved 1114112K
  class space    used 6270K, committed 6720K, reserved 1048576K
}
Event: 5.467 GC heap before
{Heap before GC invocations=29 (full 2):
 PSYoungGen      total 11264K, used 10816K [0x00000000eab00000, 0x00000000ebe00000, 0x0000000100000000)
  eden space 10240K, 100% used [0x00000000eab00000,0x00000000eb500000,0x00000000eb500000)
  from space 1024K, 56% used [0x00000000ebd00000,0x00000000ebd90000,0x00000000ebe00000)
  to   space 1536K, 0% used [0x00000000ebb00000,0x00000000ebb00000,0x00000000ebc80000)
 ParOldGen       total 68608K, used 43370K [0x00000000c0000000, 0x00000000c4300000, 0x00000000eab00000)
  object space 68608K, 63% used [0x00000000c0000000,0x00000000c2a5a9f0,0x00000000c4300000)
 Metaspace       used 56361K, committed 57408K, reserved 1114112K
  class space    used 6271K, committed 6720K, reserved 1048576K
}
Event: 5.468 GC heap after
{Heap after GC invocations=29 (full 2):
 PSYoungGen      total 11776K, used 448K [0x00000000eab00000, 0x00000000ebd80000, 0x0000000100000000)
  eden space 10240K, 0% used [0x00000000eab00000,0x00000000eab00000,0x00000000eb500000)
  from space 1536K, 29% used [0x00000000ebb00000,0x00000000ebb70000,0x00000000ebc80000)
  to   space 1024K, 0% used [0x00000000ebc80000,0x00000000ebc80000,0x00000000ebd80000)
 ParOldGen       total 68608K, used 43771K [0x00000000c0000000, 0x00000000c4300000, 0x00000000eab00000)
  object space 68608K, 63% used [0x00000000c0000000,0x00000000c2abeda0,0x00000000c4300000)
 Metaspace       used 56361K, committed 57408K, reserved 1114112K
  class space    used 6271K, committed 6720K, reserved 1048576K
}
Event: 5.601 GC heap before
{Heap before GC invocations=30 (full 2):
 PSYoungGen      total 11776K, used 10688K [0x00000000eab00000, 0x00000000ebd80000, 0x0000000100000000)
  eden space 10240K, 100% used [0x00000000eab00000,0x00000000eb500000,0x00000000eb500000)
  from space 1536K, 29% used [0x00000000ebb00000,0x00000000ebb70000,0x00000000ebc80000)
  to   space 1024K, 0% used [0x00000000ebc80000,0x00000000ebc80000,0x00000000ebd80000)
 ParOldGen       total 68608K, used 43771K [0x00000000c0000000, 0x00000000c4300000, 0x00000000eab00000)
  object space 68608K, 63% used [0x00000000c0000000,0x00000000c2abeda0,0x00000000c4300000)
 Metaspace       used 56367K, committed 57408K, reserved 1114112K
  class space    used 6271K, committed 6720K, reserved 1048576K
}
Event: 5.602 GC heap after
{Heap after GC invocations=30 (full 2):
 PSYoungGen      total 11264K, used 911K [0x00000000eab00000, 0x00000000ebd80000, 0x0000000100000000)
  eden space 10240K, 0% used [0x00000000eab00000,0x00000000eab00000,0x00000000eb500000)
  from space 1024K, 89% used [0x00000000ebc80000,0x00000000ebd63e70,0x00000000ebd80000)
  to   space 1024K, 0% used [0x00000000ebb80000,0x00000000ebb80000,0x00000000ebc80000)
 ParOldGen       total 68608K, used 44011K [0x00000000c0000000, 0x00000000c4300000, 0x00000000eab00000)
  object space 68608K, 64% used [0x00000000c0000000,0x00000000c2afada0,0x00000000c4300000)
 Metaspace       used 56367K, committed 57408K, reserved 1114112K
  class space    used 6271K, committed 6720K, reserved 1048576K
}
Event: 5.690 GC heap before
{Heap before GC invocations=31 (full 2):
 PSYoungGen      total 11264K, used 11151K [0x00000000eab00000, 0x00000000ebd80000, 0x0000000100000000)
  eden space 10240K, 100% used [0x00000000eab00000,0x00000000eb500000,0x00000000eb500000)
  from space 1024K, 89% used [0x00000000ebc80000,0x00000000ebd63e70,0x00000000ebd80000)
  to   space 1024K, 0% used [0x00000000ebb80000,0x00000000ebb80000,0x00000000ebc80000)
 ParOldGen       total 68608K, used 44011K [0x00000000c0000000, 0x00000000c4300000, 0x00000000eab00000)
  object space 68608K, 64% used [0x00000000c0000000,0x00000000c2afada0,0x00000000c4300000)
 Metaspace       used 56421K, committed 57408K, reserved 1114112K
  class space    used 6278K, committed 6720K, reserved 1048576K
}
Event: 5.691 GC heap after
{Heap after GC invocations=31 (full 2):
 PSYoungGen      total 11264K, used 1016K [0x00000000eab00000, 0x00000000ebe00000, 0x0000000100000000)
  eden space 10240K, 0% used [0x00000000eab00000,0x00000000eab00000,0x00000000eb500000)
  from space 1024K, 99% used [0x00000000ebb80000,0x00000000ebc7e180,0x00000000ebc80000)
  to   space 1536K, 0% used [0x00000000ebc80000,0x00000000ebc80000,0x00000000ebe00000)
 ParOldGen       total 68608K, used 47046K [0x00000000c0000000, 0x00000000c4300000, 0x00000000eab00000)
  object space 68608K, 68% used [0x00000000c0000000,0x00000000c2df1ab8,0x00000000c4300000)
 Metaspace       used 56421K, committed 57408K, reserved 1114112K
  class space    used 6278K, committed 6720K, reserved 1048576K
}
Event: 5.820 GC heap before
{Heap before GC invocations=32 (full 2):
 PSYoungGen      total 11264K, used 11256K [0x00000000eab00000, 0x00000000ebe00000, 0x0000000100000000)
  eden space 10240K, 100% used [0x00000000eab00000,0x00000000eb500000,0x00000000eb500000)
  from space 1024K, 99% used [0x00000000ebb80000,0x00000000ebc7e180,0x00000000ebc80000)
  to   space 1536K, 0% used [0x00000000ebc80000,0x00000000ebc80000,0x00000000ebe00000)
 ParOldGen       total 68608K, used 47046K [0x00000000c0000000, 0x00000000c4300000, 0x00000000eab00000)
  object space 68608K, 68% used [0x00000000c0000000,0x00000000c2df1ab8,0x00000000c4300000)
 Metaspace       used 57063K, committed 58112K, reserved 1114112K
  class space    used 6424K, committed 6848K, reserved 1048576K
}
Event: 5.821 GC heap after
{Heap after GC invocations=32 (full 2):
 PSYoungGen      total 11264K, used 640K [0x00000000eab00000, 0x00000000ebd80000, 0x0000000100000000)
  eden space 10240K, 0% used [0x00000000eab00000,0x00000000eab00000,0x00000000eb500000)
  from space 1024K, 62% used [0x00000000ebc80000,0x00000000ebd20000,0x00000000ebd80000)
  to   space 2048K, 0% used [0x00000000eb980000,0x00000000eb980000,0x00000000ebb80000)
 ParOldGen       total 68608K, used 48056K [0x00000000c0000000, 0x00000000c4300000, 0x00000000eab00000)
  object space 68608K, 70% used [0x00000000c0000000,0x00000000c2eee288,0x00000000c4300000)
 Metaspace       used 57063K, committed 58112K, reserved 1114112K
  class space    used 6424K, committed 6848K, reserved 1048576K
}
Event: 5.940 GC heap before
{Heap before GC invocations=33 (full 2):
 PSYoungGen      total 11264K, used 10880K [0x00000000eab00000, 0x00000000ebd80000, 0x0000000100000000)
  eden space 10240K, 100% used [0x00000000eab00000,0x00000000eb500000,0x00000000eb500000)
  from space 1024K, 62% used [0x00000000ebc80000,0x00000000ebd20000,0x00000000ebd80000)
  to   space 2048K, 0% used [0x00000000eb980000,0x00000000eb980000,0x00000000ebb80000)
 ParOldGen       total 68608K, used 48056K [0x00000000c0000000, 0x00000000c4300000, 0x00000000eab00000)
  object space 68608K, 70% used [0x00000000c0000000,0x00000000c2eee288,0x00000000c4300000)
 Metaspace       used 58321K, committed 59392K, reserved 1114112K
  class space    used 6628K, committed 7104K, reserved 1048576K
}
Event: 5.941 GC heap after
{Heap after GC invocations=33 (full 2):
 PSYoungGen      total 12288K, used 448K [0x00000000eab00000, 0x00000000ebd00000, 0x0000000100000000)
  eden space 10240K, 0% used [0x00000000eab00000,0x00000000eab00000,0x00000000eb500000)
  from space 2048K, 21% used [0x00000000eb980000,0x00000000eb9f0000,0x00000000ebb80000)
  to   space 1024K, 0% used [0x00000000ebc00000,0x00000000ebc00000,0x00000000ebd00000)
 ParOldGen       total 68608K, used 48536K [0x00000000c0000000, 0x00000000c4300000, 0x00000000eab00000)
  object space 68608K, 70% used [0x00000000c0000000,0x00000000c2f662d8,0x00000000c4300000)
 Metaspace       used 58321K, committed 59392K, reserved 1114112K
  class space    used 6628K, committed 7104K, reserved 1048576K
}
Event: 5.977 GC heap before
{Heap before GC invocations=34 (full 2):
 PSYoungGen      total 12288K, used 4492K [0x00000000eab00000, 0x00000000ebd00000, 0x0000000100000000)
  eden space 10240K, 39% used [0x00000000eab00000,0x00000000eaef30a8,0x00000000eb500000)
  from space 2048K, 21% used [0x00000000eb980000,0x00000000eb9f0000,0x00000000ebb80000)
  to   space 1024K, 0% used [0x00000000ebc00000,0x00000000ebc00000,0x00000000ebd00000)
 ParOldGen       total 68608K, used 48536K [0x00000000c0000000, 0x00000000c4300000, 0x00000000eab00000)
  object space 68608K, 70% used [0x00000000c0000000,0x00000000c2f662d8,0x00000000c4300000)
 Metaspace       used 58730K, committed 59776K, reserved 1114112K
  class space    used 6694K, committed 7168K, reserved 1048576K
}
Event: 5.978 GC heap after
{Heap after GC invocations=34 (full 2):
 PSYoungGen      total 10752K, used 416K [0x00000000eab00000, 0x00000000ebc80000, 0x0000000100000000)
  eden space 10240K, 0% used [0x00000000eab00000,0x00000000eab00000,0x00000000eb500000)
  from space 512K, 81% used [0x00000000ebc00000,0x00000000ebc68000,0x00000000ebc80000)
  to   space 512K, 0% used [0x00000000ebb80000,0x00000000ebb80000,0x00000000ebc00000)
 ParOldGen       total 68608K, used 48840K [0x00000000c0000000, 0x00000000c4300000, 0x00000000eab00000)
  object space 68608K, 71% used [0x00000000c0000000,0x00000000c2fb22d8,0x00000000c4300000)
 Metaspace       used 58730K, committed 59776K, reserved 1114112K
  class space    used 6694K, committed 7168K, reserved 1048576K
}
Event: 5.978 GC heap before
{Heap before GC invocations=35 (full 3):
 PSYoungGen      total 10752K, used 416K [0x00000000eab00000, 0x00000000ebc80000, 0x0000000100000000)
  eden space 10240K, 0% used [0x00000000eab00000,0x00000000eab00000,0x00000000eb500000)
  from space 512K, 81% used [0x00000000ebc00000,0x00000000ebc68000,0x00000000ebc80000)
  to   space 512K, 0% used [0x00000000ebb80000,0x00000000ebb80000,0x00000000ebc00000)
 ParOldGen       total 68608K, used 48840K [0x00000000c0000000, 0x00000000c4300000, 0x00000000eab00000)
  object space 68608K, 71% used [0x00000000c0000000,0x00000000c2fb22d8,0x00000000c4300000)
 Metaspace       used 58730K, committed 59776K, reserved 1114112K
  class space    used 6694K, committed 7168K, reserved 1048576K
}
Event: 6.028 GC heap after
{Heap after GC invocations=35 (full 3):
 PSYoungGen      total 10752K, used 0K [0x00000000eab00000, 0x00000000ebc80000, 0x0000000100000000)
  eden space 10240K, 0% used [0x00000000eab00000,0x00000000eab00000,0x00000000eb500000)
  from space 512K, 0% used [0x00000000ebc00000,0x00000000ebc00000,0x00000000ebc80000)
  to   space 512K, 0% used [0x00000000ebb80000,0x00000000ebb80000,0x00000000ebc00000)
 ParOldGen       total 68608K, used 46192K [0x00000000c0000000, 0x00000000c4300000, 0x00000000eab00000)
  object space 68608K, 67% used [0x00000000c0000000,0x00000000c2d1c3c0,0x00000000c4300000)
 Metaspace       used 58730K, committed 59776K, reserved 1114112K
  class space    used 6694K, committed 7168K, reserved 1048576K
}
Event: 6.157 GC heap before
{Heap before GC invocations=36 (full 3):
 PSYoungGen      total 10752K, used 10240K [0x00000000eab00000, 0x00000000ebc80000, 0x0000000100000000)
  eden space 10240K, 100% used [0x00000000eab00000,0x00000000eb500000,0x00000000eb500000)
  from space 512K, 0% used [0x00000000ebc00000,0x00000000ebc00000,0x00000000ebc80000)
  to   space 512K, 0% used [0x00000000ebb80000,0x00000000ebb80000,0x00000000ebc00000)
 ParOldGen       total 68608K, used 46192K [0x00000000c0000000, 0x00000000c4300000, 0x00000000eab00000)
  object space 68608K, 67% used [0x00000000c0000000,0x00000000c2d1c3c0,0x00000000c4300000)
 Metaspace       used 59689K, committed 60800K, reserved 1114112K
  class space    used 6877K, committed 7360K, reserved 1048576K
}
Event: 6.158 GC heap after
{Heap after GC invocations=36 (full 3):
 PSYoungGen      total 10752K, used 512K [0x00000000eab00000, 0x00000000ebc80000, 0x0000000100000000)
  eden space 10240K, 0% used [0x00000000eab00000,0x00000000eab00000,0x00000000eb500000)
  from space 512K, 100% used [0x00000000ebb80000,0x00000000ebc00000,0x00000000ebc00000)
  to   space 512K, 0% used [0x00000000ebc00000,0x00000000ebc00000,0x00000000ebc80000)
 ParOldGen       total 68608K, used 46216K [0x00000000c0000000, 0x00000000c4300000, 0x00000000eab00000)
  object space 68608K, 67% used [0x00000000c0000000,0x00000000c2d223c0,0x00000000c4300000)
 Metaspace       used 59689K, committed 60800K, reserved 1114112K
  class space    used 6877K, committed 7360K, reserved 1048576K
}

