# JRE version: OpenJDK Runtime Environment Temurin-17.0.8.1+1 (17.0.8.1+1) (build 17.0.8.1+1)
# Java VM: OpenJDK 64-Bit Server VM Temurin-17.0.8.1+1 (17.0.8.1+1, mixed mode, emulated-client, tiered, compressed oops, compressed class ptrs, g1 gc, windows-amd64)
GC Precious Log:
 CPUs: 16 total, 16 available
 Memory: 15776M
 Large Page Support: Disabled
 NUMA Support: Disabled
 Compressed Oops: Enabled (32-bit)
 Heap Region Size: 1M
 Heap Min Capacity: 8M
 Heap Initial Capacity: 248M
 Heap Max Capacity: 1G
 Pre-touch: Disabled
 Parallel Workers: 13
 Concurrent Workers: 3
 Concurrent Refinement Workers: 13
 Periodic GC: Disabled
Heap:
 garbage-first heap   total 86016K, used 29400K [0x00000000c0000000, 0x0000000100000000)
  region size 1024K, 1 young (1024K), 0 survivors (0K)
 Metaspace       used 57970K, committed 58432K, reserved 1114112K
  class space    used 7154K, committed 7360K, reserved 1048576K
GC Heap History (20 events):
Event: 3.666 GC heap before
{Heap before GC invocations=11 (full 0):
 garbage-first heap   total 81920K, used 62036K [0x00000000c0000000, 0x0000000100000000)
  region size 1024K, 40 young (40960K), 6 survivors (6144K)
 Metaspace       used 47725K, committed 48256K, reserved 1114112K
  class space    used 5883K, committed 6144K, reserved 1048576K
}
Event: 3.669 GC heap after
{Heap after GC invocations=12 (full 0):
 garbage-first heap   total 81920K, used 34124K [0x00000000c0000000, 0x0000000100000000)
  region size 1024K, 5 young (5120K), 5 survivors (5120K)
 Metaspace       used 47725K, committed 48256K, reserved 1114112K
  class space    used 5883K, committed 6144K, reserved 1048576K
}
Event: 3.816 GC heap before
{Heap before GC invocations=12 (full 0):
 garbage-first heap   total 81920K, used 60748K [0x00000000c0000000, 0x0000000100000000)
  region size 1024K, 32 young (32768K), 5 survivors (5120K)
 Metaspace       used 50060K, committed 50496K, reserved 1114112K
  class space    used 6190K, committed 6400K, reserved 1048576K
}
Event: 3.819 GC heap after
{Heap after GC invocations=13 (full 0):
 garbage-first heap   total 81920K, used 38062K [0x00000000c0000000, 0x0000000100000000)
  region size 1024K, 4 young (4096K), 4 survivors (4096K)
 Metaspace       used 50060K, committed 50496K, reserved 1114112K
  class space    used 6190K, committed 6400K, reserved 1048576K
}
Event: 4.087 GC heap before
{Heap before GC invocations=13 (full 0):
 garbage-first heap   total 81920K, used 61614K [0x00000000c0000000, 0x0000000100000000)
  region size 1024K, 28 young (28672K), 4 survivors (4096K)
 Metaspace       used 54681K, committed 55104K, reserved 1114112K
  class space    used 6752K, committed 6976K, reserved 1048576K
}
Event: 4.089 GC heap after
{Heap after GC invocations=14 (full 0):
 garbage-first heap   total 81920K, used 39901K [0x00000000c0000000, 0x0000000100000000)
  region size 1024K, 2 young (2048K), 2 survivors (2048K)
 Metaspace       used 54681K, committed 55104K, reserved 1114112K
  class space    used 6752K, committed 6976K, reserved 1048576K
}
Event: 4.399 GC heap before
{Heap before GC invocations=14 (full 0):
 garbage-first heap   total 81920K, used 63453K [0x00000000c0000000, 0x0000000100000000)
  region size 1024K, 26 young (26624K), 2 survivors (2048K)
 Metaspace       used 55696K, committed 56192K, reserved 1114112K
  class space    used 6876K, committed 7104K, reserved 1048576K
}
Event: 4.401 GC heap after
{Heap after GC invocations=15 (full 0):
 garbage-first heap   total 81920K, used 42253K [0x00000000c0000000, 0x0000000100000000)
  region size 1024K, 4 young (4096K), 4 survivors (4096K)
 Metaspace       used 55696K, committed 56192K, reserved 1114112K
  class space    used 6876K, committed 7104K, reserved 1048576K
}
Event: 4.666 GC heap before
{Heap before GC invocations=16 (full 0):
 garbage-first heap   total 81920K, used 65805K [0x00000000c0000000, 0x0000000100000000)
  region size 1024K, 27 young (27648K), 4 survivors (4096K)
 Metaspace       used 55816K, committed 56320K, reserved 1114112K
  class space    used 6892K, committed 7104K, reserved 1048576K
}
Event: 4.669 GC heap after
{Heap after GC invocations=17 (full 0):
 garbage-first heap   total 81920K, used 45439K [0x00000000c0000000, 0x0000000100000000)
  region size 1024K, 4 young (4096K), 4 survivors (4096K)
 Metaspace       used 55816K, committed 56320K, reserved 1114112K
  class space    used 6892K, committed 7104K, reserved 1048576K
}
Event: 4.790 GC heap before
{Heap before GC invocations=17 (full 0):
 garbage-first heap   total 81920K, used 63871K [0x00000000c0000000, 0x0000000100000000)
  region size 1024K, 23 young (23552K), 4 survivors (4096K)
 Metaspace       used 55987K, committed 56448K, reserved 1114112K
  class space    used 6911K, committed 7104K, reserved 1048576K
}
Event: 4.792 GC heap after
{Heap after GC invocations=18 (full 0):
 garbage-first heap   total 81920K, used 47478K [0x00000000c0000000, 0x0000000100000000)
  region size 1024K, 3 young (3072K), 3 survivors (3072K)
 Metaspace       used 55987K, committed 56448K, reserved 1114112K
  class space    used 6911K, committed 7104K, reserved 1048576K
}
Event: 5.153 GC heap before
{Heap before GC invocations=19 (full 0):
 garbage-first heap   total 86016K, used 64886K [0x00000000c0000000, 0x0000000100000000)
  region size 1024K, 21 young (21504K), 3 survivors (3072K)
 Metaspace       used 57491K, committed 57920K, reserved 1114112K
  class space    used 7092K, committed 7296K, reserved 1048576K
}
Event: 5.155 GC heap after
{Heap after GC invocations=20 (full 0):
 garbage-first heap   total 86016K, used 47148K [0x00000000c0000000, 0x0000000100000000)
  region size 1024K, 1 young (1024K), 1 survivors (1024K)
 Metaspace       used 57491K, committed 57920K, reserved 1114112K
  class space    used 7092K, committed 7296K, reserved 1048576K
}
Event: 42.891 GC heap before
{Heap before GC invocations=20 (full 0):
 garbage-first heap   total 86016K, used 51244K [0x00000000c0000000, 0x0000000100000000)
  region size 1024K, 6 young (6144K), 1 survivors (1024K)
 Metaspace       used 57969K, committed 58432K, reserved 1114112K
  class space    used 7154K, committed 7360K, reserved 1048576K
}
Event: 42.909 GC heap after
{Heap after GC invocations=21 (full 1):
 garbage-first heap   total 86016K, used 35311K [0x00000000c0000000, 0x0000000100000000)
  region size 1024K, 0 young (0K), 0 survivors (0K)
 Metaspace       used 57969K, committed 58432K, reserved 1114112K
  class space    used 7154K, committed 7360K, reserved 1048576K
}
Event: 53.467 GC heap before
{Heap before GC invocations=21 (full 1):
 garbage-first heap   total 86016K, used 35311K [0x00000000c0000000, 0x0000000100000000)
  region size 1024K, 1 young (1024K), 0 survivors (0K)
 Metaspace       used 57969K, committed 58432K, reserved 1114112K
  class space    used 7154K, committed 7360K, reserved 1048576K
}
Event: 53.489 GC heap after
{Heap after GC invocations=22 (full 2):
 garbage-first heap   total 86016K, used 29399K [0x00000000c0000000, 0x0000000100000000)
  region size 1024K, 0 young (0K), 0 survivors (0K)
 Metaspace       used 57969K, committed 58432K, reserved 1114112K
  class space    used 7154K, committed 7360K, reserved 1048576K
}
Event: 63.724 GC heap before
{Heap before GC invocations=22 (full 2):
 garbage-first heap   total 86016K, used 29399K [0x00000000c0000000, 0x0000000100000000)
  region size 1024K, 1 young (1024K), 0 survivors (0K)
 Metaspace       used 57970K, committed 58432K, reserved 1114112K
  class space    used 7154K, committed 7360K, reserved 1048576K
}
Event: 63.753 GC heap after
{Heap after GC invocations=23 (full 3):
 garbage-first heap   total 86016K, used 29400K [0x00000000c0000000, 0x0000000100000000)
  region size 1024K, 0 young (0K), 0 survivors (0K)
 Metaspace       used 57970K, committed 58432K, reserved 1114112K
  class space    used 7154K, committed 7360K, reserved 1048576K
}

