# JRE version: OpenJDK Runtime Environment Temurin-17.0.8.1+1 (17.0.8.1+1) (build 17.0.8.1+1)
# Java VM: OpenJDK 64-Bit Server VM Temurin-17.0.8.1+1 (17.0.8.1+1, mixed mode, emulated-client, tiered, compressed oops, compressed class ptrs, g1 gc, windows-amd64)
GC Precious Log:
 CPUs: 16 total, 16 available
 Memory: 15776M
 Large Page Support: Disabled
 NUMA Support: Disabled
 Compressed Oops: Enabled (32-bit)
 Heap Region Size: 1M
 Heap Min Capacity: 8M
 Heap Initial Capacity: 248M
 Heap Max Capacity: 1G
 Pre-touch: Disabled
 Parallel Workers: 13
 Concurrent Workers: 3
 Concurrent Refinement Workers: 13
 Periodic GC: Disabled
Heap:
 garbage-first heap   total 68608K, used 20006K [0x00000000c0000000, 0x0000000100000000)
  region size 1024K, 1 young (1024K), 0 survivors (0K)
 Metaspace       used 47313K, committed 48000K, reserved 1114112K
  class space    used 6089K, committed 6336K, reserved 1048576K
GC Heap History (20 events):
Event: 4351.244 GC heap before
{Heap before GC invocations=115 (full 104):
 garbage-first heap   total 68608K, used 20006K [0x00000000c0000000, 0x0000000100000000)
  region size 1024K, 1 young (1024K), 0 survivors (0K)
 Metaspace       used 47313K, committed 48000K, reserved 1114112K
  class space    used 6089K, committed 6336K, reserved 1048576K
}
Event: 4351.259 GC heap after
{Heap after GC invocations=116 (full 105):
 garbage-first heap   total 68608K, used 20006K [0x00000000c0000000, 0x0000000100000000)
  region size 1024K, 0 young (0K), 0 survivors (0K)
 Metaspace       used 47313K, committed 48000K, reserved 1114112K
  class space    used 6089K, committed 6336K, reserved 1048576K
}
Event: 4361.373 GC heap before
{Heap before GC invocations=116 (full 105):
 garbage-first heap   total 68608K, used 20006K [0x00000000c0000000, 0x0000000100000000)
  region size 1024K, 1 young (1024K), 0 survivors (0K)
 Metaspace       used 47313K, committed 48000K, reserved 1114112K
  class space    used 6089K, committed 6336K, reserved 1048576K
}
Event: 4361.388 GC heap after
{Heap after GC invocations=117 (full 106):
 garbage-first heap   total 68608K, used 20006K [0x00000000c0000000, 0x0000000100000000)
  region size 1024K, 0 young (0K), 0 survivors (0K)
 Metaspace       used 47313K, committed 48000K, reserved 1114112K
  class space    used 6089K, committed 6336K, reserved 1048576K
}
Event: 4371.506 GC heap before
{Heap before GC invocations=117 (full 106):
 garbage-first heap   total 68608K, used 20006K [0x00000000c0000000, 0x0000000100000000)
  region size 1024K, 1 young (1024K), 0 survivors (0K)
 Metaspace       used 47313K, committed 48000K, reserved 1114112K
  class space    used 6089K, committed 6336K, reserved 1048576K
}
Event: 4371.522 GC heap after
{Heap after GC invocations=118 (full 107):
 garbage-first heap   total 68608K, used 20006K [0x00000000c0000000, 0x0000000100000000)
  region size 1024K, 0 young (0K), 0 survivors (0K)
 Metaspace       used 47313K, committed 48000K, reserved 1114112K
  class space    used 6089K, committed 6336K, reserved 1048576K
}
Event: 4381.640 GC heap before
{Heap before GC invocations=118 (full 107):
 garbage-first heap   total 68608K, used 20006K [0x00000000c0000000, 0x0000000100000000)
  region size 1024K, 1 young (1024K), 0 survivors (0K)
 Metaspace       used 47313K, committed 48000K, reserved 1114112K
  class space    used 6089K, committed 6336K, reserved 1048576K
}
Event: 4381.656 GC heap after
{Heap after GC invocations=119 (full 108):
 garbage-first heap   total 68608K, used 20006K [0x00000000c0000000, 0x0000000100000000)
  region size 1024K, 0 young (0K), 0 survivors (0K)
 Metaspace       used 47313K, committed 48000K, reserved 1114112K
  class space    used 6089K, committed 6336K, reserved 1048576K
}
Event: 4391.766 GC heap before
{Heap before GC invocations=119 (full 108):
 garbage-first heap   total 68608K, used 20006K [0x00000000c0000000, 0x0000000100000000)
  region size 1024K, 1 young (1024K), 0 survivors (0K)
 Metaspace       used 47313K, committed 48000K, reserved 1114112K
  class space    used 6089K, committed 6336K, reserved 1048576K
}
Event: 4391.781 GC heap after
{Heap after GC invocations=120 (full 109):
 garbage-first heap   total 68608K, used 20006K [0x00000000c0000000, 0x0000000100000000)
  region size 1024K, 0 young (0K), 0 survivors (0K)
 Metaspace       used 47313K, committed 48000K, reserved 1114112K
  class space    used 6089K, committed 6336K, reserved 1048576K
}
Event: 4401.904 GC heap before
{Heap before GC invocations=120 (full 109):
 garbage-first heap   total 68608K, used 20006K [0x00000000c0000000, 0x0000000100000000)
  region size 1024K, 1 young (1024K), 0 survivors (0K)
 Metaspace       used 47313K, committed 48000K, reserved 1114112K
  class space    used 6089K, committed 6336K, reserved 1048576K
}
Event: 4401.921 GC heap after
{Heap after GC invocations=121 (full 110):
 garbage-first heap   total 68608K, used 20006K [0x00000000c0000000, 0x0000000100000000)
  region size 1024K, 0 young (0K), 0 survivors (0K)
 Metaspace       used 47313K, committed 48000K, reserved 1114112K
  class space    used 6089K, committed 6336K, reserved 1048576K
}
Event: 4412.035 GC heap before
{Heap before GC invocations=121 (full 110):
 garbage-first heap   total 68608K, used 20006K [0x00000000c0000000, 0x0000000100000000)
  region size 1024K, 1 young (1024K), 0 survivors (0K)
 Metaspace       used 47313K, committed 48000K, reserved 1114112K
  class space    used 6089K, committed 6336K, reserved 1048576K
}
Event: 4412.050 GC heap after
{Heap after GC invocations=122 (full 111):
 garbage-first heap   total 68608K, used 20006K [0x00000000c0000000, 0x0000000100000000)
  region size 1024K, 0 young (0K), 0 survivors (0K)
 Metaspace       used 47313K, committed 48000K, reserved 1114112K
  class space    used 6089K, committed 6336K, reserved 1048576K
}
Event: 4422.193 GC heap before
{Heap before GC invocations=122 (full 111):
 garbage-first heap   total 68608K, used 20006K [0x00000000c0000000, 0x0000000100000000)
  region size 1024K, 1 young (1024K), 0 survivors (0K)
 Metaspace       used 47313K, committed 48000K, reserved 1114112K
  class space    used 6089K, committed 6336K, reserved 1048576K
}
Event: 4422.214 GC heap after
{Heap after GC invocations=123 (full 112):
 garbage-first heap   total 68608K, used 20006K [0x00000000c0000000, 0x0000000100000000)
  region size 1024K, 0 young (0K), 0 survivors (0K)
 Metaspace       used 47313K, committed 48000K, reserved 1114112K
  class space    used 6089K, committed 6336K, reserved 1048576K
}
Event: 4432.337 GC heap before
{Heap before GC invocations=123 (full 112):
 garbage-first heap   total 68608K, used 20006K [0x00000000c0000000, 0x0000000100000000)
  region size 1024K, 1 young (1024K), 0 survivors (0K)
 Metaspace       used 47313K, committed 48000K, reserved 1114112K
  class space    used 6089K, committed 6336K, reserved 1048576K
}
Event: 4432.352 GC heap after
{Heap after GC invocations=124 (full 113):
 garbage-first heap   total 68608K, used 20006K [0x00000000c0000000, 0x0000000100000000)
  region size 1024K, 0 young (0K), 0 survivors (0K)
 Metaspace       used 47313K, committed 48000K, reserved 1114112K
  class space    used 6089K, committed 6336K, reserved 1048576K
}
Event: 4442.468 GC heap before
{Heap before GC invocations=124 (full 113):
 garbage-first heap   total 68608K, used 20006K [0x00000000c0000000, 0x0000000100000000)
  region size 1024K, 1 young (1024K), 0 survivors (0K)
 Metaspace       used 47313K, committed 48000K, reserved 1114112K
  class space    used 6089K, committed 6336K, reserved 1048576K
}
Event: 4442.483 GC heap after
{Heap after GC invocations=125 (full 114):
 garbage-first heap   total 68608K, used 20006K [0x00000000c0000000, 0x0000000100000000)
  region size 1024K, 0 young (0K), 0 survivors (0K)
 Metaspace       used 47313K, committed 48000K, reserved 1114112K
  class space    used 6089K, committed 6336K, reserved 1048576K
}

