# JRE version: OpenJDK Runtime Environment Temurin-17.0.8.1+1 (17.0.8.1+1) (build 17.0.8.1+1)
# Java VM: OpenJDK 64-Bit Server VM Temurin-17.0.8.1+1 (17.0.8.1+1, mixed mode, emulated-client, tiered, compressed oops, compressed class ptrs, g1 gc, windows-amd64)
GC Precious Log:
 CPUs: 16 total, 16 available
 Memory: 15776M
 Large Page Support: Disabled
 NUMA Support: Disabled
 Compressed Oops: Enabled (32-bit)
 Heap Region Size: 1M
 Heap Min Capacity: 8M
 Heap Initial Capacity: 248M
 Heap Max Capacity: 1G
 Pre-touch: Disabled
 Parallel Workers: 13
 Concurrent Workers: 3
 Concurrent Refinement Workers: 13
 Periodic GC: Disabled
Heap:
 garbage-first heap   total 75776K, used 33232K [0x00000000c0000000, 0x0000000100000000)
  region size 1024K, 1 young (1024K), 0 survivors (0K)
 Metaspace       used 57723K, committed 58176K, reserved 1114112K
  class space    used 7154K, committed 7360K, reserved 1048576K
GC Heap History (20 events):
Event: 964.161 GC heap before
{Heap before GC invocations=83 (full 68):
 garbage-first heap   total 75776K, used 33232K [0x00000000c0000000, 0x0000000100000000)
  region size 1024K, 1 young (1024K), 0 survivors (0K)
 Metaspace       used 57723K, committed 58176K, reserved 1114112K
  class space    used 7154K, committed 7360K, reserved 1048576K
}
Event: 964.193 GC heap after
{Heap after GC invocations=84 (full 69):
 garbage-first heap   total 75776K, used 33232K [0x00000000c0000000, 0x0000000100000000)
  region size 1024K, 0 young (0K), 0 survivors (0K)
 Metaspace       used 57723K, committed 58176K, reserved 1114112K
  class space    used 7154K, committed 7360K, reserved 1048576K
}
Event: 974.441 GC heap before
{Heap before GC invocations=84 (full 69):
 garbage-first heap   total 75776K, used 33232K [0x00000000c0000000, 0x0000000100000000)
  region size 1024K, 1 young (1024K), 0 survivors (0K)
 Metaspace       used 57723K, committed 58176K, reserved 1114112K
  class space    used 7154K, committed 7360K, reserved 1048576K
}
Event: 974.480 GC heap after
{Heap after GC invocations=85 (full 70):
 garbage-first heap   total 75776K, used 33232K [0x00000000c0000000, 0x0000000100000000)
  region size 1024K, 0 young (0K), 0 survivors (0K)
 Metaspace       used 57723K, committed 58176K, reserved 1114112K
  class space    used 7154K, committed 7360K, reserved 1048576K
}
Event: 984.694 GC heap before
{Heap before GC invocations=85 (full 70):
 garbage-first heap   total 75776K, used 33232K [0x00000000c0000000, 0x0000000100000000)
  region size 1024K, 1 young (1024K), 0 survivors (0K)
 Metaspace       used 57723K, committed 58176K, reserved 1114112K
  class space    used 7154K, committed 7360K, reserved 1048576K
}
Event: 984.726 GC heap after
{Heap after GC invocations=86 (full 71):
 garbage-first heap   total 75776K, used 33232K [0x00000000c0000000, 0x0000000100000000)
  region size 1024K, 0 young (0K), 0 survivors (0K)
 Metaspace       used 57723K, committed 58176K, reserved 1114112K
  class space    used 7154K, committed 7360K, reserved 1048576K
}
Event: 994.936 GC heap before
{Heap before GC invocations=86 (full 71):
 garbage-first heap   total 75776K, used 33232K [0x00000000c0000000, 0x0000000100000000)
  region size 1024K, 1 young (1024K), 0 survivors (0K)
 Metaspace       used 57723K, committed 58176K, reserved 1114112K
  class space    used 7154K, committed 7360K, reserved 1048576K
}
Event: 994.964 GC heap after
{Heap after GC invocations=87 (full 72):
 garbage-first heap   total 75776K, used 33232K [0x00000000c0000000, 0x0000000100000000)
  region size 1024K, 0 young (0K), 0 survivors (0K)
 Metaspace       used 57723K, committed 58176K, reserved 1114112K
  class space    used 7154K, committed 7360K, reserved 1048576K
}
Event: 1005.153 GC heap before
{Heap before GC invocations=87 (full 72):
 garbage-first heap   total 75776K, used 33232K [0x00000000c0000000, 0x0000000100000000)
  region size 1024K, 1 young (1024K), 0 survivors (0K)
 Metaspace       used 57723K, committed 58176K, reserved 1114112K
  class space    used 7154K, committed 7360K, reserved 1048576K
}
Event: 1005.184 GC heap after
{Heap after GC invocations=88 (full 73):
 garbage-first heap   total 75776K, used 33232K [0x00000000c0000000, 0x0000000100000000)
  region size 1024K, 0 young (0K), 0 survivors (0K)
 Metaspace       used 57723K, committed 58176K, reserved 1114112K
  class space    used 7154K, committed 7360K, reserved 1048576K
}
Event: 1015.379 GC heap before
{Heap before GC invocations=88 (full 73):
 garbage-first heap   total 75776K, used 33232K [0x00000000c0000000, 0x0000000100000000)
  region size 1024K, 1 young (1024K), 0 survivors (0K)
 Metaspace       used 57723K, committed 58176K, reserved 1114112K
  class space    used 7154K, committed 7360K, reserved 1048576K
}
Event: 1015.409 GC heap after
{Heap after GC invocations=89 (full 74):
 garbage-first heap   total 75776K, used 33232K [0x00000000c0000000, 0x0000000100000000)
  region size 1024K, 0 young (0K), 0 survivors (0K)
 Metaspace       used 57723K, committed 58176K, reserved 1114112K
  class space    used 7154K, committed 7360K, reserved 1048576K
}
Event: 1025.609 GC heap before
{Heap before GC invocations=89 (full 74):
 garbage-first heap   total 75776K, used 33232K [0x00000000c0000000, 0x0000000100000000)
  region size 1024K, 1 young (1024K), 0 survivors (0K)
 Metaspace       used 57723K, committed 58176K, reserved 1114112K
  class space    used 7154K, committed 7360K, reserved 1048576K
}
Event: 1025.642 GC heap after
{Heap after GC invocations=90 (full 75):
 garbage-first heap   total 75776K, used 33232K [0x00000000c0000000, 0x0000000100000000)
  region size 1024K, 0 young (0K), 0 survivors (0K)
 Metaspace       used 57723K, committed 58176K, reserved 1114112K
  class space    used 7154K, committed 7360K, reserved 1048576K
}
Event: 1035.897 GC heap before
{Heap before GC invocations=90 (full 75):
 garbage-first heap   total 75776K, used 33232K [0x00000000c0000000, 0x0000000100000000)
  region size 1024K, 1 young (1024K), 0 survivors (0K)
 Metaspace       used 57723K, committed 58176K, reserved 1114112K
  class space    used 7154K, committed 7360K, reserved 1048576K
}
Event: 1035.926 GC heap after
{Heap after GC invocations=91 (full 76):
 garbage-first heap   total 75776K, used 33232K [0x00000000c0000000, 0x0000000100000000)
  region size 1024K, 0 young (0K), 0 survivors (0K)
 Metaspace       used 57723K, committed 58176K, reserved 1114112K
  class space    used 7154K, committed 7360K, reserved 1048576K
}
Event: 1046.113 GC heap before
{Heap before GC invocations=91 (full 76):
 garbage-first heap   total 75776K, used 33232K [0x00000000c0000000, 0x0000000100000000)
  region size 1024K, 1 young (1024K), 0 survivors (0K)
 Metaspace       used 57723K, committed 58176K, reserved 1114112K
  class space    used 7154K, committed 7360K, reserved 1048576K
}
Event: 1046.145 GC heap after
{Heap after GC invocations=92 (full 77):
 garbage-first heap   total 75776K, used 33232K [0x00000000c0000000, 0x0000000100000000)
  region size 1024K, 0 young (0K), 0 survivors (0K)
 Metaspace       used 57723K, committed 58176K, reserved 1114112K
  class space    used 7154K, committed 7360K, reserved 1048576K
}
Event: 1056.301 GC heap before
{Heap before GC invocations=92 (full 77):
 garbage-first heap   total 75776K, used 33232K [0x00000000c0000000, 0x0000000100000000)
  region size 1024K, 1 young (1024K), 0 survivors (0K)
 Metaspace       used 57723K, committed 58176K, reserved 1114112K
  class space    used 7154K, committed 7360K, reserved 1048576K
}
Event: 1056.330 GC heap after
{Heap after GC invocations=93 (full 78):
 garbage-first heap   total 75776K, used 33232K [0x00000000c0000000, 0x0000000100000000)
  region size 1024K, 0 young (0K), 0 survivors (0K)
 Metaspace       used 57723K, committed 58176K, reserved 1114112K
  class space    used 7154K, committed 7360K, reserved 1048576K
}

