# JRE version: OpenJDK Runtime Environment Temurin-17.0.8.1+1 (17.0.8.1+1) (build 17.0.8.1+1)
# Java VM: OpenJDK 64-Bit Server VM Temurin-17.0.8.1+1 (17.0.8.1+1, mixed mode, tiered, compressed oops, compressed class ptrs, parallel gc, windows-amd64)
GC Precious Log:
 CPUs: 16 total, 16 available
 Memory: 15776M
 Large Page Support: Disabled
 NUMA Support: Disabled
 Compressed Oops: Enabled (32-bit)
 Alignments: Space 512K, Generation 512K, Heap 2M
 Heap Min Capacity: 100M
 Heap Initial Capacity: 100M
 Heap Max Capacity: 1G
 Pre-touch: Disabled
 Parallel Workers: 13
Heap:
 PSYoungGen      total 17920K, used 2633K [0x00000000eab00000, 0x00000000ebe80000, 0x0000000100000000)
  eden space 15872K, 7% used [0x00000000eab00000,0x00000000eac26738,0x00000000eba80000)
  from space 2048K, 71% used [0x00000000ebc80000,0x00000000ebdec010,0x00000000ebe80000)
  to   space 2048K, 0% used [0x00000000eba80000,0x00000000eba80000,0x00000000ebc80000)
 ParOldGen       total 159232K, used 104069K [0x00000000c0000000, 0x00000000c9b80000, 0x00000000eab00000)
  object space 159232K, 65% used [0x00000000c0000000,0x00000000c65a17f0,0x00000000c9b80000)
 Metaspace       used 80032K, committed 81216K, reserved 1179648K
  class space    used 8925K, committed 9408K, reserved 1048576K
GC Heap History (20 events):
Event: 286.948 GC heap before
{Heap before GC invocations=84 (full 6):
 PSYoungGen      total 10752K, used 6144K [0x00000000eab00000, 0x00000000eba80000, 0x0000000100000000)
  eden space 6144K, 100% used [0x00000000eab00000,0x00000000eb100000,0x00000000eb100000)
  from space 4608K, 0% used [0x00000000eb580000,0x00000000eb580000,0x00000000eba00000)
  to   space 4608K, 0% used [0x00000000eb100000,0x00000000eb100000,0x00000000eb580000)
 ParOldGen       total 123392K, used 81298K [0x00000000c0000000, 0x00000000c7880000, 0x00000000eab00000)
  object space 123392K, 65% used [0x00000000c0000000,0x00000000c4f64a98,0x00000000c7880000)
 Metaspace       used 79735K, committed 80960K, reserved 1179648K
  class space    used 8914K, committed 9408K, reserved 1048576K
}
Event: 286.955 GC heap after
{Heap after GC invocations=84 (full 6):
 PSYoungGen      total 10752K, used 4608K [0x00000000eab00000, 0x00000000ebc80000, 0x0000000100000000)
  eden space 6144K, 0% used [0x00000000eab00000,0x00000000eab00000,0x00000000eb100000)
  from space 4608K, 100% used [0x00000000eb100000,0x00000000eb580000,0x00000000eb580000)
  to   space 5632K, 0% used [0x00000000eb700000,0x00000000eb700000,0x00000000ebc80000)
 ParOldGen       total 123392K, used 81818K [0x00000000c0000000, 0x00000000c7880000, 0x00000000eab00000)
  object space 123392K, 66% used [0x00000000c0000000,0x00000000c4fe6a98,0x00000000c7880000)
 Metaspace       used 79735K, committed 80960K, reserved 1179648K
  class space    used 8914K, committed 9408K, reserved 1048576K
}
Event: 286.970 GC heap before
{Heap before GC invocations=85 (full 6):
 PSYoungGen      total 10752K, used 10752K [0x00000000eab00000, 0x00000000ebc80000, 0x0000000100000000)
  eden space 6144K, 100% used [0x00000000eab00000,0x00000000eb100000,0x00000000eb100000)
  from space 4608K, 100% used [0x00000000eb100000,0x00000000eb580000,0x00000000eb580000)
  to   space 5632K, 0% used [0x00000000eb700000,0x00000000eb700000,0x00000000ebc80000)
 ParOldGen       total 123392K, used 81818K [0x00000000c0000000, 0x00000000c7880000, 0x00000000eab00000)
  object space 123392K, 66% used [0x00000000c0000000,0x00000000c4fe6a98,0x00000000c7880000)
 Metaspace       used 79740K, committed 80960K, reserved 1179648K
  class space    used 8914K, committed 9408K, reserved 1048576K
}
Event: 286.974 GC heap after
{Heap after GC invocations=85 (full 6):
 PSYoungGen      total 12288K, used 4512K [0x00000000eab00000, 0x00000000ebc00000, 0x0000000100000000)
  eden space 7168K, 0% used [0x00000000eab00000,0x00000000eab00000,0x00000000eb200000)
  from space 5120K, 88% used [0x00000000eb700000,0x00000000ebb68000,0x00000000ebc00000)
  to   space 5120K, 0% used [0x00000000eb200000,0x00000000eb200000,0x00000000eb700000)
 ParOldGen       total 123392K, used 86482K [0x00000000c0000000, 0x00000000c7880000, 0x00000000eab00000)
  object space 123392K, 70% used [0x00000000c0000000,0x00000000c5474a98,0x00000000c7880000)
 Metaspace       used 79740K, committed 80960K, reserved 1179648K
  class space    used 8914K, committed 9408K, reserved 1048576K
}
Event: 286.990 GC heap before
{Heap before GC invocations=86 (full 6):
 PSYoungGen      total 12288K, used 11680K [0x00000000eab00000, 0x00000000ebc00000, 0x0000000100000000)
  eden space 7168K, 100% used [0x00000000eab00000,0x00000000eb200000,0x00000000eb200000)
  from space 5120K, 88% used [0x00000000eb700000,0x00000000ebb68000,0x00000000ebc00000)
  to   space 5120K, 0% used [0x00000000eb200000,0x00000000eb200000,0x00000000eb700000)
 ParOldGen       total 123392K, used 86482K [0x00000000c0000000, 0x00000000c7880000, 0x00000000eab00000)
  object space 123392K, 70% used [0x00000000c0000000,0x00000000c5474a98,0x00000000c7880000)
 Metaspace       used 79740K, committed 80960K, reserved 1179648K
  class space    used 8914K, committed 9408K, reserved 1048576K
}
Event: 286.994 GC heap after
{Heap after GC invocations=86 (full 6):
 PSYoungGen      total 12288K, used 5120K [0x00000000eab00000, 0x00000000ec800000, 0x0000000100000000)
  eden space 7168K, 0% used [0x00000000eab00000,0x00000000eab00000,0x00000000eb200000)
  from space 5120K, 100% used [0x00000000eb200000,0x00000000eb700000,0x00000000eb700000)
  to   space 10752K, 0% used [0x00000000ebd80000,0x00000000ebd80000,0x00000000ec800000)
 ParOldGen       total 123392K, used 90874K [0x00000000c0000000, 0x00000000c7880000, 0x00000000eab00000)
  object space 123392K, 73% used [0x00000000c0000000,0x00000000c58bea98,0x00000000c7880000)
 Metaspace       used 79740K, committed 80960K, reserved 1179648K
  class space    used 8914K, committed 9408K, reserved 1048576K
}
Event: 287.008 GC heap before
{Heap before GC invocations=87 (full 6):
 PSYoungGen      total 12288K, used 12288K [0x00000000eab00000, 0x00000000ec800000, 0x0000000100000000)
  eden space 7168K, 100% used [0x00000000eab00000,0x00000000eb200000,0x00000000eb200000)
  from space 5120K, 100% used [0x00000000eb200000,0x00000000eb700000,0x00000000eb700000)
  to   space 10752K, 0% used [0x00000000ebd80000,0x00000000ebd80000,0x00000000ec800000)
 ParOldGen       total 123392K, used 90874K [0x00000000c0000000, 0x00000000c7880000, 0x00000000eab00000)
  object space 123392K, 73% used [0x00000000c0000000,0x00000000c58bea98,0x00000000c7880000)
 Metaspace       used 79740K, committed 80960K, reserved 1179648K
  class space    used 8914K, committed 9408K, reserved 1048576K
}
Event: 287.014 GC heap after
{Heap after GC invocations=87 (full 6):
 PSYoungGen      total 13824K, used 5216K [0x00000000eab00000, 0x00000000ec300000, 0x0000000100000000)
  eden space 8192K, 0% used [0x00000000eab00000,0x00000000eab00000,0x00000000eb300000)
  from space 5632K, 92% used [0x00000000ebd80000,0x00000000ec298000,0x00000000ec300000)
  to   space 7168K, 0% used [0x00000000eb500000,0x00000000eb500000,0x00000000ebc00000)
 ParOldGen       total 123392K, used 96074K [0x00000000c0000000, 0x00000000c7880000, 0x00000000eab00000)
  object space 123392K, 77% used [0x00000000c0000000,0x00000000c5dd2a98,0x00000000c7880000)
 Metaspace       used 79740K, committed 80960K, reserved 1179648K
  class space    used 8914K, committed 9408K, reserved 1048576K
}
Event: 287.027 GC heap before
{Heap before GC invocations=88 (full 6):
 PSYoungGen      total 13824K, used 13408K [0x00000000eab00000, 0x00000000ec300000, 0x0000000100000000)
  eden space 8192K, 100% used [0x00000000eab00000,0x00000000eb300000,0x00000000eb300000)
  from space 5632K, 92% used [0x00000000ebd80000,0x00000000ec298000,0x00000000ec300000)
  to   space 7168K, 0% used [0x00000000eb500000,0x00000000eb500000,0x00000000ebc00000)
 ParOldGen       total 123392K, used 96074K [0x00000000c0000000, 0x00000000c7880000, 0x00000000eab00000)
  object space 123392K, 77% used [0x00000000c0000000,0x00000000c5dd2a98,0x00000000c7880000)
 Metaspace       used 79740K, committed 80960K, reserved 1179648K
  class space    used 8914K, committed 9408K, reserved 1048576K
}
Event: 287.031 GC heap after
{Heap after GC invocations=88 (full 6):
 PSYoungGen      total 16384K, used 7168K [0x00000000eab00000, 0x00000000ecc00000, 0x0000000100000000)
  eden space 9216K, 0% used [0x00000000eab00000,0x00000000eab00000,0x00000000eb400000)
  from space 7168K, 100% used [0x00000000eb500000,0x00000000ebc00000,0x00000000ebc00000)
  to   space 12288K, 0% used [0x00000000ec000000,0x00000000ec000000,0x00000000ecc00000)
 ParOldGen       total 123392K, used 99714K [0x00000000c0000000, 0x00000000c7880000, 0x00000000eab00000)
  object space 123392K, 80% used [0x00000000c0000000,0x00000000c6160a98,0x00000000c7880000)
 Metaspace       used 79740K, committed 80960K, reserved 1179648K
  class space    used 8914K, committed 9408K, reserved 1048576K
}
Event: 287.047 GC heap before
{Heap before GC invocations=89 (full 6):
 PSYoungGen      total 16384K, used 16384K [0x00000000eab00000, 0x00000000ecc00000, 0x0000000100000000)
  eden space 9216K, 100% used [0x00000000eab00000,0x00000000eb400000,0x00000000eb400000)
  from space 7168K, 100% used [0x00000000eb500000,0x00000000ebc00000,0x00000000ebc00000)
  to   space 12288K, 0% used [0x00000000ec000000,0x00000000ec000000,0x00000000ecc00000)
 ParOldGen       total 123392K, used 99714K [0x00000000c0000000, 0x00000000c7880000, 0x00000000eab00000)
  object space 123392K, 80% used [0x00000000c0000000,0x00000000c6160a98,0x00000000c7880000)
 Metaspace       used 79740K, committed 80960K, reserved 1179648K
  class space    used 8914K, committed 9408K, reserved 1048576K
}
Event: 287.052 GC heap after
{Heap after GC invocations=89 (full 6):
 PSYoungGen      total 17408K, used 6688K [0x00000000eab00000, 0x00000000ec700000, 0x0000000100000000)
  eden space 10240K, 0% used [0x00000000eab00000,0x00000000eab00000,0x00000000eb500000)
  from space 7168K, 93% used [0x00000000ec000000,0x00000000ec688000,0x00000000ec700000)
  to   space 8192K, 0% used [0x00000000eb700000,0x00000000eb700000,0x00000000ebf00000)
 ParOldGen       total 123392K, used 106938K [0x00000000c0000000, 0x00000000c7880000, 0x00000000eab00000)
  object space 123392K, 86% used [0x00000000c0000000,0x00000000c686ea98,0x00000000c7880000)
 Metaspace       used 79740K, committed 80960K, reserved 1179648K
  class space    used 8914K, committed 9408K, reserved 1048576K
}
Event: 287.071 GC heap before
{Heap before GC invocations=90 (full 6):
 PSYoungGen      total 17408K, used 16928K [0x00000000eab00000, 0x00000000ec700000, 0x0000000100000000)
  eden space 10240K, 100% used [0x00000000eab00000,0x00000000eb500000,0x00000000eb500000)
  from space 7168K, 93% used [0x00000000ec000000,0x00000000ec688000,0x00000000ec700000)
  to   space 8192K, 0% used [0x00000000eb700000,0x00000000eb700000,0x00000000ebf00000)
 ParOldGen       total 123392K, used 106938K [0x00000000c0000000, 0x00000000c7880000, 0x00000000eab00000)
  object space 123392K, 86% used [0x00000000c0000000,0x00000000c686ea98,0x00000000c7880000)
 Metaspace       used 79740K, committed 80960K, reserved 1179648K
  class space    used 8914K, committed 9408K, reserved 1048576K
}
Event: 287.076 GC heap after
{Heap after GC invocations=90 (full 6):
 PSYoungGen      total 18944K, used 7264K [0x00000000eab00000, 0x00000000ec500000, 0x0000000100000000)
  eden space 11264K, 0% used [0x00000000eab00000,0x00000000eab00000,0x00000000eb600000)
  from space 7680K, 94% used [0x00000000eb700000,0x00000000ebe18000,0x00000000ebe80000)
  to   space 6656K, 0% used [0x00000000ebe80000,0x00000000ebe80000,0x00000000ec500000)
 ParOldGen       total 123392K, used 113474K [0x00000000c0000000, 0x00000000c7880000, 0x00000000eab00000)
  object space 123392K, 91% used [0x00000000c0000000,0x00000000c6ed0a98,0x00000000c7880000)
 Metaspace       used 79740K, committed 80960K, reserved 1179648K
  class space    used 8914K, committed 9408K, reserved 1048576K
}
Event: 287.525 GC heap before
{Heap before GC invocations=91 (full 6):
 PSYoungGen      total 18944K, used 18528K [0x00000000eab00000, 0x00000000ec500000, 0x0000000100000000)
  eden space 11264K, 100% used [0x00000000eab00000,0x00000000eb600000,0x00000000eb600000)
  from space 7680K, 94% used [0x00000000eb700000,0x00000000ebe18000,0x00000000ebe80000)
  to   space 6656K, 0% used [0x00000000ebe80000,0x00000000ebe80000,0x00000000ec500000)
 ParOldGen       total 123392K, used 113474K [0x00000000c0000000, 0x00000000c7880000, 0x00000000eab00000)
  object space 123392K, 91% used [0x00000000c0000000,0x00000000c6ed0a98,0x00000000c7880000)
 Metaspace       used 79830K, committed 81024K, reserved 1179648K
  class space    used 8916K, committed 9408K, reserved 1048576K
}
Event: 287.530 GC heap after
{Heap after GC invocations=91 (full 6):
 PSYoungGen      total 14336K, used 1188K [0x00000000eab00000, 0x00000000ec000000, 0x0000000100000000)
  eden space 12800K, 0% used [0x00000000eab00000,0x00000000eab00000,0x00000000eb780000)
  from space 1536K, 77% used [0x00000000ebe80000,0x00000000ebfa9210,0x00000000ec000000)
  to   space 3584K, 0% used [0x00000000eb900000,0x00000000eb900000,0x00000000ebc80000)
 ParOldGen       total 123392K, used 120690K [0x00000000c0000000, 0x00000000c7880000, 0x00000000eab00000)
  object space 123392K, 97% used [0x00000000c0000000,0x00000000c75dca98,0x00000000c7880000)
 Metaspace       used 79830K, committed 81024K, reserved 1179648K
  class space    used 8916K, committed 9408K, reserved 1048576K
}
Event: 287.530 GC heap before
{Heap before GC invocations=92 (full 7):
 PSYoungGen      total 14336K, used 1188K [0x00000000eab00000, 0x00000000ec000000, 0x0000000100000000)
  eden space 12800K, 0% used [0x00000000eab00000,0x00000000eab00000,0x00000000eb780000)
  from space 1536K, 77% used [0x00000000ebe80000,0x00000000ebfa9210,0x00000000ec000000)
  to   space 3584K, 0% used [0x00000000eb900000,0x00000000eb900000,0x00000000ebc80000)
 ParOldGen       total 123392K, used 120690K [0x00000000c0000000, 0x00000000c7880000, 0x00000000eab00000)
  object space 123392K, 97% used [0x00000000c0000000,0x00000000c75dca98,0x00000000c7880000)
 Metaspace       used 79830K, committed 81024K, reserved 1179648K
  class space    used 8916K, committed 9408K, reserved 1048576K
}
Event: 287.584 GC heap after
{Heap after GC invocations=92 (full 7):
 PSYoungGen      total 17920K, used 0K [0x00000000eab00000, 0x00000000ec000000, 0x0000000100000000)
  eden space 14336K, 0% used [0x00000000eab00000,0x00000000eab00000,0x00000000eb900000)
  from space 3584K, 0% used [0x00000000eb900000,0x00000000eb900000,0x00000000ebc80000)
  to   space 3584K, 0% used [0x00000000ebc80000,0x00000000ebc80000,0x00000000ec000000)
 ParOldGen       total 159232K, used 104061K [0x00000000c0000000, 0x00000000c9b80000, 0x00000000eab00000)
  object space 159232K, 65% used [0x00000000c0000000,0x00000000c659f7f0,0x00000000c9b80000)
 Metaspace       used 79830K, committed 81024K, reserved 1179648K
  class space    used 8916K, committed 9408K, reserved 1048576K
}
Event: 287.701 GC heap before
{Heap before GC invocations=93 (full 7):
 PSYoungGen      total 17920K, used 14336K [0x00000000eab00000, 0x00000000ec000000, 0x0000000100000000)
  eden space 14336K, 100% used [0x00000000eab00000,0x00000000eb900000,0x00000000eb900000)
  from space 3584K, 0% used [0x00000000eb900000,0x00000000eb900000,0x00000000ebc80000)
  to   space 3584K, 0% used [0x00000000ebc80000,0x00000000ebc80000,0x00000000ec000000)
 ParOldGen       total 159232K, used 104061K [0x00000000c0000000, 0x00000000c9b80000, 0x00000000eab00000)
  object space 159232K, 65% used [0x00000000c0000000,0x00000000c659f7f0,0x00000000c9b80000)
 Metaspace       used 80013K, committed 81216K, reserved 1179648K
  class space    used 8923K, committed 9408K, reserved 1048576K
}
Event: 287.702 GC heap after
{Heap after GC invocations=93 (full 7):
 PSYoungGen      total 17920K, used 1456K [0x00000000eab00000, 0x00000000ebe80000, 0x0000000100000000)
  eden space 15872K, 0% used [0x00000000eab00000,0x00000000eab00000,0x00000000eba80000)
  from space 2048K, 71% used [0x00000000ebc80000,0x00000000ebdec010,0x00000000ebe80000)
  to   space 2048K, 0% used [0x00000000eba80000,0x00000000eba80000,0x00000000ebc80000)
 ParOldGen       total 159232K, used 104069K [0x00000000c0000000, 0x00000000c9b80000, 0x00000000eab00000)
  object space 159232K, 65% used [0x00000000c0000000,0x00000000c65a17f0,0x00000000c9b80000)
 Metaspace       used 80013K, committed 81216K, reserved 1179648K
  class space    used 8923K, committed 9408K, reserved 1048576K
}

