# JRE version: OpenJDK Runtime Environment Temurin-17.0.8.1+1 (17.0.8.1+1) (build 17.0.8.1+1)
# Java VM: OpenJDK 64-Bit Server VM Temurin-17.0.8.1+1 (17.0.8.1+1, mixed mode, emulated-client, tiered, compressed oops, compressed class ptrs, g1 gc, windows-amd64)
GC Precious Log:
 CPUs: 16 total, 16 available
 Memory: 15776M
 Large Page Support: Disabled
 NUMA Support: Disabled
 Compressed Oops: Enabled (32-bit)
 Heap Region Size: 1M
 Heap Min Capacity: 8M
 Heap Initial Capacity: 248M
 Heap Max Capacity: 1G
 Pre-touch: Disabled
 Parallel Workers: 13
 Concurrent Workers: 3
 Concurrent Refinement Workers: 13
 Periodic GC: Disabled
Heap:
 garbage-first heap   total 75776K, used 21228K [0x00000000c0000000, 0x0000000100000000)
  region size 1024K, 1 young (1024K), 0 survivors (0K)
 Metaspace       used 37460K, committed 37824K, reserved 1114112K
  class space    used 4888K, committed 5056K, reserved 1048576K
GC Heap History (18 events):
Event: 0.443 GC heap before
{Heap before GC invocations=0 (full 0):
 garbage-first heap   total 253952K, used 22528K [0x00000000c0000000, 0x0000000100000000)
  region size 1024K, 23 young (23552K), 0 survivors (0K)
 Metaspace       used 8293K, committed 8448K, reserved 1114112K
  class space    used 934K, committed 1024K, reserved 1048576K
}
Event: 0.446 GC heap after
{Heap after GC invocations=1 (full 0):
 garbage-first heap   total 253952K, used 9278K [0x00000000c0000000, 0x0000000100000000)
  region size 1024K, 3 young (3072K), 3 survivors (3072K)
 Metaspace       used 8293K, committed 8448K, reserved 1114112K
  class space    used 934K, committed 1024K, reserved 1048576K
}
Event: 0.749 GC heap before
{Heap before GC invocations=1 (full 0):
 garbage-first heap   total 253952K, used 32830K [0x00000000c0000000, 0x0000000100000000)
  region size 1024K, 26 young (26624K), 3 survivors (3072K)
 Metaspace       used 14252K, committed 14464K, reserved 1114112K
  class space    used 1783K, committed 1856K, reserved 1048576K
}
Event: 0.752 GC heap after
{Heap after GC invocations=2 (full 0):
 garbage-first heap   total 253952K, used 11282K [0x00000000c0000000, 0x0000000100000000)
  region size 1024K, 2 young (2048K), 2 survivors (2048K)
 Metaspace       used 14252K, committed 14464K, reserved 1114112K
  class space    used 1783K, committed 1856K, reserved 1048576K
}
Event: 1.000 GC heap before
{Heap before GC invocations=2 (full 0):
 garbage-first heap   total 253952K, used 38930K [0x00000000c0000000, 0x0000000100000000)
  region size 1024K, 30 young (30720K), 2 survivors (2048K)
 Metaspace       used 21240K, committed 21504K, reserved 1114112K
  class space    used 2611K, committed 2752K, reserved 1048576K
}
Event: 1.002 GC heap after
{Heap after GC invocations=3 (full 0):
 garbage-first heap   total 253952K, used 14071K [0x00000000c0000000, 0x0000000100000000)
  region size 1024K, 5 young (5120K), 5 survivors (5120K)
 Metaspace       used 21240K, committed 21504K, reserved 1114112K
  class space    used 2611K, committed 2752K, reserved 1048576K
}
Event: 1.190 GC heap before
{Heap before GC invocations=4 (full 0):
 garbage-first heap   total 55296K, used 38647K [0x00000000c0000000, 0x0000000100000000)
  region size 1024K, 31 young (31744K), 5 survivors (5120K)
 Metaspace       used 26763K, committed 27072K, reserved 1114112K
  class space    used 3331K, committed 3456K, reserved 1048576K
}
Event: 1.195 GC heap after
{Heap after GC invocations=5 (full 0):
 garbage-first heap   total 55296K, used 16330K [0x00000000c0000000, 0x0000000100000000)
  region size 1024K, 7 young (7168K), 7 survivors (7168K)
 Metaspace       used 26763K, committed 27072K, reserved 1114112K
  class space    used 3331K, committed 3456K, reserved 1048576K
}
Event: 1.451 GC heap before
{Heap before GC invocations=5 (full 0):
 garbage-first heap   total 55296K, used 34762K [0x00000000c0000000, 0x0000000100000000)
  region size 1024K, 25 young (25600K), 7 survivors (7168K)
 Metaspace       used 28713K, committed 28992K, reserved 1114112K
  class space    used 3584K, committed 3712K, reserved 1048576K
}
Event: 1.463 GC heap after
{Heap after GC invocations=6 (full 0):
 garbage-first heap   total 55296K, used 17951K [0x00000000c0000000, 0x0000000100000000)
  region size 1024K, 2 young (2048K), 2 survivors (2048K)
 Metaspace       used 28713K, committed 28992K, reserved 1114112K
  class space    used 3584K, committed 3712K, reserved 1048576K
}
Event: 1.744 GC heap before
{Heap before GC invocations=6 (full 0):
 garbage-first heap   total 55296K, used 36383K [0x00000000c0000000, 0x0000000100000000)
  region size 1024K, 20 young (20480K), 2 survivors (2048K)
 Metaspace       used 31830K, committed 32192K, reserved 1114112K
  class space    used 4042K, committed 4224K, reserved 1048576K
}
Event: 1.747 GC heap after
{Heap after GC invocations=7 (full 0):
 garbage-first heap   total 55296K, used 20147K [0x00000000c0000000, 0x0000000100000000)
  region size 1024K, 3 young (3072K), 3 survivors (3072K)
 Metaspace       used 31830K, committed 32192K, reserved 1114112K
  class space    used 4042K, committed 4224K, reserved 1048576K
}
Event: 1.985 GC heap before
{Heap before GC invocations=7 (full 0):
 garbage-first heap   total 55296K, used 36531K [0x00000000c0000000, 0x0000000100000000)
  region size 1024K, 20 young (20480K), 3 survivors (3072K)
 Metaspace       used 34220K, committed 34560K, reserved 1114112K
  class space    used 4384K, committed 4544K, reserved 1048576K
}
Event: 1.989 GC heap after
{Heap after GC invocations=8 (full 0):
 garbage-first heap   total 154624K, used 22297K [0x00000000c0000000, 0x0000000100000000)
  region size 1024K, 3 young (3072K), 3 survivors (3072K)
 Metaspace       used 34220K, committed 34560K, reserved 1114112K
  class space    used 4384K, committed 4544K, reserved 1048576K
}
Event: 2.114 GC heap before
{Heap before GC invocations=8 (full 0):
 garbage-first heap   total 154624K, used 30489K [0x00000000c0000000, 0x0000000100000000)
  region size 1024K, 12 young (12288K), 3 survivors (3072K)
 Metaspace       used 35789K, committed 36160K, reserved 1114112K
  class space    used 4627K, committed 4800K, reserved 1048576K
}
Event: 2.117 GC heap after
{Heap after GC invocations=9 (full 0):
 garbage-first heap   total 154624K, used 22773K [0x00000000c0000000, 0x0000000100000000)
  region size 1024K, 3 young (3072K), 3 survivors (3072K)
 Metaspace       used 35789K, committed 36160K, reserved 1114112K
  class space    used 4627K, committed 4800K, reserved 1048576K
}
Event: 42.337 GC heap before
{Heap before GC invocations=10 (full 0):
 garbage-first heap   total 86016K, used 34037K [0x00000000c0000000, 0x0000000100000000)
  region size 1024K, 15 young (15360K), 3 survivors (3072K)
 Metaspace       used 37460K, committed 37824K, reserved 1114112K
  class space    used 4888K, committed 5056K, reserved 1048576K
}
Event: 42.355 GC heap after
{Heap after GC invocations=11 (full 1):
 garbage-first heap   total 75776K, used 21228K [0x00000000c0000000, 0x0000000100000000)
  region size 1024K, 0 young (0K), 0 survivors (0K)
 Metaspace       used 37460K, committed 37824K, reserved 1114112K
  class space    used 4888K, committed 5056K, reserved 1048576K
}

